c:\ue5git\cpp_study\homework\cpphomework_0519\cppmission_0526\x64\debug\vc143.pdb
c:\ue5git\cpp_study\homework\cpphomework_0519\cppmission_0526\x64\debug\vc143.idb
c:\ue5git\cpp_study\homework\cpphomework_0519\cppmission_0526\x64\debug\wall.obj
c:\ue5git\cpp_study\homework\cpphomework_0519\cppmission_0526\x64\debug\player.obj
c:\ue5git\cpp_study\homework\cpphomework_0519\cppmission_0526\x64\debug\int4.obj
c:\ue5git\cpp_study\homework\cpphomework_0519\cppmission_0526\x64\debug\global.obj
c:\ue5git\cpp_study\homework\cpphomework_0519\cppmission_0526\x64\debug\cppmission_0526.obj
c:\ue5git\cpp_study\homework\cpphomework_0519\cppmission_0526\x64\debug\consolescreen.obj
c:\unrealgitstudy\cpp_study\homework\cpphomework_0519\cppmission_0526\x64\debug\vc143.idb
c:\unrealgitstudy\cpp_study\homework\cpphomework_0519\cppmission_0526\x64\debug\vc143.pdb
c:\unrealgitstudy\cpp_study\homework\cpphomework_0519\x64\debug\cppmission_0526.pdb
c:\unrealgitstudy\cpp_study\homework\cpphomework_0519\cppmission_0526\x64\debug\cppmission_0526.tlog\cl.command.1.tlog
c:\unrealgitstudy\cpp_study\homework\cpphomework_0519\cppmission_0526\x64\debug\cppmission_0526.tlog\cl.items.tlog
c:\unrealgitstudy\cpp_study\homework\cpphomework_0519\cppmission_0526\x64\debug\cppmission_0526.tlog\cl.read.1.tlog
c:\unrealgitstudy\cpp_study\homework\cpphomework_0519\cppmission_0526\x64\debug\cppmission_0526.tlog\cl.write.1.tlog
c:\unrealgitstudy\cpp_study\homework\cpphomework_0519\cppmission_0526\x64\debug\cppmission_0526.tlog\link-cvtres.read.1.tlog
c:\unrealgitstudy\cpp_study\homework\cpphomework_0519\cppmission_0526\x64\debug\cppmission_0526.tlog\link-cvtres.write.1.tlog
c:\unrealgitstudy\cpp_study\homework\cpphomework_0519\cppmission_0526\x64\debug\cppmission_0526.tlog\link-rc.read.1.tlog
c:\unrealgitstudy\cpp_study\homework\cpphomework_0519\cppmission_0526\x64\debug\cppmission_0526.tlog\link-rc.write.1.tlog
c:\unrealgitstudy\cpp_study\homework\cpphomework_0519\cppmission_0526\x64\debug\cppmission_0526.tlog\link.14200-cvtres.read.1.tlog
c:\unrealgitstudy\cpp_study\homework\cpphomework_0519\cppmission_0526\x64\debug\cppmission_0526.tlog\link.14200-cvtres.write.1.tlog
c:\unrealgitstudy\cpp_study\homework\cpphomework_0519\cppmission_0526\x64\debug\cppmission_0526.tlog\link.14200-rc.read.1.tlog
c:\unrealgitstudy\cpp_study\homework\cpphomework_0519\cppmission_0526\x64\debug\cppmission_0526.tlog\link.14200-rc.write.1.tlog
c:\unrealgitstudy\cpp_study\homework\cpphomework_0519\cppmission_0526\x64\debug\cppmission_0526.tlog\link.14200.read.1.tlog
c:\unrealgitstudy\cpp_study\homework\cpphomework_0519\cppmission_0526\x64\debug\cppmission_0526.tlog\link.14200.read.3.tlog
c:\unrealgitstudy\cpp_study\homework\cpphomework_0519\cppmission_0526\x64\debug\cppmission_0526.tlog\link.14200.write.1.tlog
c:\unrealgitstudy\cpp_study\homework\cpphomework_0519\cppmission_0526\x64\debug\cppmission_0526.tlog\link.command.1.tlog
c:\unrealgitstudy\cpp_study\homework\cpphomework_0519\cppmission_0526\x64\debug\cppmission_0526.tlog\link.read.1.tlog
c:\unrealgitstudy\cpp_study\homework\cpphomework_0519\cppmission_0526\x64\debug\cppmission_0526.tlog\link.read.2.tlog
c:\unrealgitstudy\cpp_study\homework\cpphomework_0519\cppmission_0526\x64\debug\cppmission_0526.tlog\link.read.3.tlog
c:\unrealgitstudy\cpp_study\homework\cpphomework_0519\cppmission_0526\x64\debug\cppmission_0526.tlog\link.write.1.tlog
